

============================== 2023-10-22 10:45:56.466268 | 2a86789c-a07d-492a-ba2c-aefa2018084a ==============================
10:45:56.466276 [info ] [MainThread]: Running with dbt=1.1.5
10:45:56.466758 [debug] [MainThread]: running dbt with arguments {'write_json': True, 'use_colors': True, 'printer_width': 80, 'version_check': True, 'partial_parse': True, 'static_parser': True, 'profiles_dir': '/Users/jamestwose/.dbt', 'send_anonymous_usage_stats': True, 'event_buffer_size': 100000, 'quiet': False, 'no_print': False, 'cache_selected_only': False, 'skip_profile_setup': False, 'which': 'init', 'indirect_selection': 'eager'}
10:45:56.466957 [debug] [MainThread]: Tracking: tracking
10:45:56.479842 [debug] [MainThread]: Sending event: {'category': 'dbt', 'action': 'invocation', 'label': 'start', 'context': [<snowplow_tracker.self_describing_json.SelfDescribingJson object at 0x1091a03a0>, <snowplow_tracker.self_describing_json.SelfDescribingJson object at 0x109130f40>, <snowplow_tracker.self_describing_json.SelfDescribingJson object at 0x1091a06d0>]}
10:45:59.136930 [debug] [MainThread]: Starter project path: /Users/jamestwose/Coding/dbt-exploration/.venv/lib/python3.9/site-packages/dbt/include/starter_project
10:46:10.392583 [info ] [MainThread]: 
Your new dbt project "ppe" was created!

For more information on how to configure the profiles.yml file,
please consult the dbt documentation here:

  https://docs.getdbt.com/docs/configure-your-profile

One more thing:

Need help? Don't hesitate to reach out to us via GitHub issues or on Slack:

  https://community.getdbt.com/

Happy modeling!

10:46:10.392929 [debug] [MainThread]: Sending event: {'category': 'dbt', 'action': 'invocation', 'label': 'end', 'context': [<snowplow_tracker.self_describing_json.SelfDescribingJson object at 0x1091a0b50>, <snowplow_tracker.self_describing_json.SelfDescribingJson object at 0x1091a0e80>, <snowplow_tracker.self_describing_json.SelfDescribingJson object at 0x1091a0a30>]}


============================== 2023-10-22 11:06:29.876962 | 85d30d2f-cd34-4ef6-9392-a6fdbf83e18a ==============================
11:06:29.876973 [info ] [MainThread]: Running with dbt=1.1.5
11:06:29.877646 [debug] [MainThread]: running dbt with arguments {'write_json': True, 'use_colors': True, 'printer_width': 80, 'version_check': True, 'partial_parse': True, 'static_parser': True, 'profiles_dir': '/Users/jamestwose/.dbt', 'send_anonymous_usage_stats': True, 'event_buffer_size': 100000, 'quiet': False, 'no_print': False, 'cache_selected_only': False, 'config_dir': False, 'which': 'debug', 'indirect_selection': 'eager'}
11:06:29.877850 [debug] [MainThread]: Tracking: tracking
11:06:29.897482 [debug] [MainThread]: Sending event: {'category': 'dbt', 'action': 'invocation', 'label': 'start', 'context': [<snowplow_tracker.self_describing_json.SelfDescribingJson object at 0x1122143d0>, <snowplow_tracker.self_describing_json.SelfDescribingJson object at 0x1121a4f40>, <snowplow_tracker.self_describing_json.SelfDescribingJson object at 0x1122147f0>]}
11:06:30.096975 [debug] [MainThread]: Executing "git --help"
11:06:30.122895 [debug] [MainThread]: STDOUT: "b"usage: git [-v | --version] [-h | --help] [-C <path>] [-c <name>=<value>]\n           [--exec-path[=<path>]] [--html-path] [--man-path] [--info-path]\n           [-p | --paginate | -P | --no-pager] [--no-replace-objects] [--bare]\n           [--git-dir=<path>] [--work-tree=<path>] [--namespace=<name>]\n           [--super-prefix=<path>] [--config-env=<name>=<envvar>]\n           <command> [<args>]\n\nThese are common Git commands used in various situations:\n\nstart a working area (see also: git help tutorial)\n   clone     Clone a repository into a new directory\n   init      Create an empty Git repository or reinitialize an existing one\n\nwork on the current change (see also: git help everyday)\n   add       Add file contents to the index\n   mv        Move or rename a file, a directory, or a symlink\n   restore   Restore working tree files\n   rm        Remove files from the working tree and from the index\n\nexamine the history and state (see also: git help revisions)\n   bisect    Use binary search to find the commit that introduced a bug\n   diff      Show changes between commits, commit and working tree, etc\n   grep      Print lines matching a pattern\n   log       Show commit logs\n   show      Show various types of objects\n   status    Show the working tree status\n\ngrow, mark and tweak your common history\n   branch    List, create, or delete branches\n   commit    Record changes to the repository\n   merge     Join two or more development histories together\n   rebase    Reapply commits on top of another base tip\n   reset     Reset current HEAD to the specified state\n   switch    Switch branches\n   tag       Create, list, delete or verify a tag object signed with GPG\n\ncollaborate (see also: git help workflows)\n   fetch     Download objects and refs from another repository\n   pull      Fetch from and integrate with another repository or a local branch\n   push      Update remote refs along with associated objects\n\n'git help -a' and 'git help -g' list available subcommands and some\nconcept guides. See 'git help <command>' or 'git help <concept>'\nto read about a specific subcommand or concept.\nSee 'git help git' for an overview of the system.\n""
11:06:30.123537 [debug] [MainThread]: STDERR: "b''"
11:06:30.159305 [debug] [MainThread]: Acquiring new mysql connection "debug"
11:06:30.160109 [debug] [MainThread]: Using mysql connection "debug"
11:06:30.160294 [debug] [MainThread]: On debug: select 1 as id
11:06:30.160468 [debug] [MainThread]: Opening a new connection, currently in state init
11:06:30.261716 [debug] [MainThread]: SQL status: SUCCESS 1 in 0.1 seconds
11:06:30.262878 [debug] [MainThread]: On debug: Close
11:06:30.263326 [debug] [MainThread]: Sending event: {'category': 'dbt', 'action': 'invocation', 'label': 'end', 'context': [<snowplow_tracker.self_describing_json.SelfDescribingJson object at 0x112482940>, <snowplow_tracker.self_describing_json.SelfDescribingJson object at 0x112482f10>, <snowplow_tracker.self_describing_json.SelfDescribingJson object at 0x112482d30>]}
11:06:30.777057 [debug] [MainThread]: Connection 'debug' was properly closed.
